<?xml version="1.0" encoding="UTF-8"?>
<testsuite name="RPSgametest" tests="2" skipped="0" failures="0" errors="0" timestamp="2015-08-12T17:05:43" hostname="epicodus-107.local" time="0.001">
  <properties/>
  <testcase name="checkWinner_userRockBeatsScissors_String" classname="RPSgametest" time="0.001"/>
  <testcase name="checkWinner_userRockLosesPaper_String" classname="RPSgametest" time="0.0"/>
  <system-out><![CDATA[]]></system-out>
  <system-err><![CDATA[]]></system-err>
</testsuite>
