<?xml version="1.0" encoding="UTF-8"?>
<testsuite name="RPSGameFLTest" tests="2" skipped="0" failures="2" errors="0" timestamp="2015-08-12T23:16:49" hostname="epicodus-107.local" time="92.776">
  <properties/>
  <testcase name="rootTest" classname="RPSGameFLTest" time="46.53">
    <failure message="org.openqa.selenium.WebDriverException: Failed to connect to binary FirefoxBinary(/Applications/Firefox.app/Contents/MacOS/firefox-bin) on port 7055; process output follows: &#10; not a valid add-on ID: /var/folders/zz/zyxvpxvq6csfxvn_n00000s4000069/T/anonymous8426637167567820994webdriver-profile/extensions/webdriver-staging&#10;1439421410992&#9;addons.xpi&#9;INFO&#9;Mapping {972ce4c6-7e08-4474-a285-3208198ce6fd} to /Applications/Firefox.app/Contents/Resources/browser/extensions/{972ce4c6-7e08-4474-a285-3208198ce6fd}&#10;1439421410992&#9;addons.xpi&#9;DEBUG&#9;Skipping unavailable install location app-system-share&#10;1439421410993&#9;addons.xpi&#9;DEBUG&#9;checkForChanges&#10;1439421410993&#9;addons.xpi&#9;DEBUG&#9;Loaded add-on state from prefs: {&quot;app-profile&quot;:{&quot;fxdriver@googlecode.com&quot;:{&quot;d&quot;:&quot;/var/folders/zz/zyxvpxvq6csfxvn_n00000s4000069/T/anonymous8426637167567820994webdriver-profile/extensions/fxdriver@googlecode.com&quot;,&quot;e&quot;:true,&quot;v&quot;:&quot;2.44.0&quot;,&quot;st&quot;:1439421409000,&quot;mt&quot;:1439421409000}},&quot;app-global&quot;:{&quot;{972ce4c6-7e08-4474-a285-3208198ce6fd}&quot;:{&quot;d&quot;:&quot;/Applications/Firefox.app/Contents/Resources/browser/extensions/{972ce4c6-7e08-4474-a285-3208198ce6fd}&quot;,&quot;e&quot;:true,&quot;v&quot;:&quot;40.0&quot;,&quot;st&quot;:1438968590000,&quot;mt&quot;:1438966083000}}}&#10;1439421410994&#9;addons.xpi&#9;DEBUG&#9;getModTime: Recursive scan of fxdriver@googlecode.com&#10;1439421410996&#9;addons.xpi&#9;DEBUG&#9;getModTime: Recursive scan of {972ce4c6-7e08-4474-a285-3208198ce6fd}&#10;1439421410996&#9;addons.xpi&#9;DEBUG&#9;getInstallState changed: false, state: {&quot;app-profile&quot;:{&quot;fxdriver@googlecode.com&quot;:{&quot;d&quot;:&quot;/var/folders/zz/zyxvpxvq6csfxvn_n00000s4000069/T/anonymous8426637167567820994webdriver-profile/extensions/fxdriver@googlecode.com&quot;,&quot;e&quot;:true,&quot;v&quot;:&quot;2.44.0&quot;,&quot;st&quot;:1439421409000,&quot;mt&quot;:1439421409000}},&quot;app-global&quot;:{&quot;{972ce4c6-7e08-4474-a285-3208198ce6fd}&quot;:{&quot;d&quot;:&quot;/Applications/Firefox.app/Contents/Resources/browser/extensions/{972ce4c6-7e08-4474-a285-3208198ce6fd}&quot;,&quot;e&quot;:true,&quot;v&quot;:&quot;40.0&quot;,&quot;st&quot;:1438968590000,&quot;mt&quot;:1438966083000}}}&#10;1439421410997&#9;addons.xpi&#9;DEBUG&#9;No changes found&#10;1439421411001&#9;addons.manager&#9;DEBUG&#9;Registering shutdown blocker for XPIProvider&#10;1439421411001&#9;addons.manager&#9;DEBUG&#9;Provider finished startup: XPIProvider&#10;1439421411001&#9;addons.manager&#9;DEBUG&#9;Starting provider: LightweightThemeManager&#10;1439421411001&#9;addons.manager&#9;DEBUG&#9;Registering shutdown blocker for LightweightThemeManager&#10;1439421411001&#9;addons.manager&#9;DEBUG&#9;Provider finished startup: LightweightThemeManager&#10;1439421411002&#9;addons.manager&#9;DEBUG&#9;Starting provider: GMPProvider&#10;1439421411004&#9;addons.manager&#9;DEBUG&#9;Registering shutdown blocker for GMPProvider&#10;1439421411005&#9;addons.manager&#9;DEBUG&#9;Provider finished startup: GMPProvider&#10;1439421411005&#9;addons.manager&#9;DEBUG&#9;Starting provider: PluginProvider&#10;1439421411005&#9;addons.manager&#9;DEBUG&#9;Registering shutdown blocker for PluginProvider&#10;1439421411005&#9;addons.manager&#9;DEBUG&#9;Provider finished startup: PluginProvider&#10;1439421411005&#9;addons.manager&#9;DEBUG&#9;Completed startup sequence&#10;1439421411027&#9;addons.xpi-utils&#9;DEBUG&#9;Starting async load of XPI database /var/folders/zz/zyxvpxvq6csfxvn_n00000s4000069/T/anonymous8426637167567820994webdriver-profile/extensions.json&#10;*** Blocklist::_loadBlocklistFromFile: blocklist is disabled&#10;1439421411125&#9;addons.manager&#9;DEBUG&#9;Starting provider: &lt;unnamed-provider&gt;&#10;1439421411125&#9;addons.manager&#9;DEBUG&#9;Registering shutdown blocker for &lt;unnamed-provider&gt;&#10;1439421411125&#9;addons.manager&#9;DEBUG&#9;Provider finished startup: &lt;unnamed-provider&gt;&#10;1439421411208&#9;addons.xpi-utils&#9;DEBUG&#9;Async JSON file read took 0 MS&#10;1439421411208&#9;addons.xpi-utils&#9;DEBUG&#9;Finished async read of XPI database, parsing...&#10;1439421411209&#9;addons.xpi-utils&#9;DEBUG&#9;Successfully read XPI database&#10;1439421411272&#9;addons.manager&#9;DEBUG&#9;Starting provider: PreviousExperimentProvider&#10;1439421411272&#9;addons.manager&#9;DEBUG&#9;Registering shutdown blocker for PreviousExperimentProvider&#10;1439421411273&#9;addons.manager&#9;DEBUG&#9;Provider finished startup: PreviousExperimentProvider&#10;JavaScript error: file:///var/folders/zz/zyxvpxvq6csfxvn_n00000s4000069/T/anonymous8426637167567820994webdriver-profile/extensions/fxdriver@googlecode.com/components/driver-component.js, line 11487: TypeError: this.server_ is undefined&#10;JavaScript error: chrome://fxdriver/content/server.js, line 38: NS_ERROR_XPC_CI_RETURNED_FAILURE: Component returned failure code: 0x80570015 (NS_ERROR_XPC_CI_RETURNED_FAILURE) [nsIJSCID.createInstance]&#10;&#10;Build info: version: '2.44.0', revision: '76d78cf323ce037c5f92db6c1bba601c2ac43ad8', time: '2014-10-23 13:11:40'&#10;System info: host: 'epicodus-107.local', ip: '192.168.1.56', os.name: 'Mac OS X', os.arch: 'x86_64', os.version: '10.10.2', java.version: '1.8.0_51'&#10;Driver info: driver.version: FirefoxDriver" type="org.openqa.selenium.WebDriverException">org.openqa.selenium.WebDriverException: Failed to connect to binary FirefoxBinary(/Applications/Firefox.app/Contents/MacOS/firefox-bin) on port 7055; process output follows: 
 not a valid add-on ID: /var/folders/zz/zyxvpxvq6csfxvn_n00000s4000069/T/anonymous8426637167567820994webdriver-profile/extensions/webdriver-staging
1439421410992	addons.xpi	INFO	Mapping {972ce4c6-7e08-4474-a285-3208198ce6fd} to /Applications/Firefox.app/Contents/Resources/browser/extensions/{972ce4c6-7e08-4474-a285-3208198ce6fd}
1439421410992	addons.xpi	DEBUG	Skipping unavailable install location app-system-share
1439421410993	addons.xpi	DEBUG	checkForChanges
1439421410993	addons.xpi	DEBUG	Loaded add-on state from prefs: {&quot;app-profile&quot;:{&quot;fxdriver@googlecode.com&quot;:{&quot;d&quot;:&quot;/var/folders/zz/zyxvpxvq6csfxvn_n00000s4000069/T/anonymous8426637167567820994webdriver-profile/extensions/fxdriver@googlecode.com&quot;,&quot;e&quot;:true,&quot;v&quot;:&quot;2.44.0&quot;,&quot;st&quot;:1439421409000,&quot;mt&quot;:1439421409000}},&quot;app-global&quot;:{&quot;{972ce4c6-7e08-4474-a285-3208198ce6fd}&quot;:{&quot;d&quot;:&quot;/Applications/Firefox.app/Contents/Resources/browser/extensions/{972ce4c6-7e08-4474-a285-3208198ce6fd}&quot;,&quot;e&quot;:true,&quot;v&quot;:&quot;40.0&quot;,&quot;st&quot;:1438968590000,&quot;mt&quot;:1438966083000}}}
1439421410994	addons.xpi	DEBUG	getModTime: Recursive scan of fxdriver@googlecode.com
1439421410996	addons.xpi	DEBUG	getModTime: Recursive scan of {972ce4c6-7e08-4474-a285-3208198ce6fd}
1439421410996	addons.xpi	DEBUG	getInstallState changed: false, state: {&quot;app-profile&quot;:{&quot;fxdriver@googlecode.com&quot;:{&quot;d&quot;:&quot;/var/folders/zz/zyxvpxvq6csfxvn_n00000s4000069/T/anonymous8426637167567820994webdriver-profile/extensions/fxdriver@googlecode.com&quot;,&quot;e&quot;:true,&quot;v&quot;:&quot;2.44.0&quot;,&quot;st&quot;:1439421409000,&quot;mt&quot;:1439421409000}},&quot;app-global&quot;:{&quot;{972ce4c6-7e08-4474-a285-3208198ce6fd}&quot;:{&quot;d&quot;:&quot;/Applications/Firefox.app/Contents/Resources/browser/extensions/{972ce4c6-7e08-4474-a285-3208198ce6fd}&quot;,&quot;e&quot;:true,&quot;v&quot;:&quot;40.0&quot;,&quot;st&quot;:1438968590000,&quot;mt&quot;:1438966083000}}}
1439421410997	addons.xpi	DEBUG	No changes found
1439421411001	addons.manager	DEBUG	Registering shutdown blocker for XPIProvider
1439421411001	addons.manager	DEBUG	Provider finished startup: XPIProvider
1439421411001	addons.manager	DEBUG	Starting provider: LightweightThemeManager
1439421411001	addons.manager	DEBUG	Registering shutdown blocker for LightweightThemeManager
1439421411001	addons.manager	DEBUG	Provider finished startup: LightweightThemeManager
1439421411002	addons.manager	DEBUG	Starting provider: GMPProvider
1439421411004	addons.manager	DEBUG	Registering shutdown blocker for GMPProvider
1439421411005	addons.manager	DEBUG	Provider finished startup: GMPProvider
1439421411005	addons.manager	DEBUG	Starting provider: PluginProvider
1439421411005	addons.manager	DEBUG	Registering shutdown blocker for PluginProvider
1439421411005	addons.manager	DEBUG	Provider finished startup: PluginProvider
1439421411005	addons.manager	DEBUG	Completed startup sequence
1439421411027	addons.xpi-utils	DEBUG	Starting async load of XPI database /var/folders/zz/zyxvpxvq6csfxvn_n00000s4000069/T/anonymous8426637167567820994webdriver-profile/extensions.json
*** Blocklist::_loadBlocklistFromFile: blocklist is disabled
1439421411125	addons.manager	DEBUG	Starting provider: &lt;unnamed-provider&gt;
1439421411125	addons.manager	DEBUG	Registering shutdown blocker for &lt;unnamed-provider&gt;
1439421411125	addons.manager	DEBUG	Provider finished startup: &lt;unnamed-provider&gt;
1439421411208	addons.xpi-utils	DEBUG	Async JSON file read took 0 MS
1439421411208	addons.xpi-utils	DEBUG	Finished async read of XPI database, parsing...
1439421411209	addons.xpi-utils	DEBUG	Successfully read XPI database
1439421411272	addons.manager	DEBUG	Starting provider: PreviousExperimentProvider
1439421411272	addons.manager	DEBUG	Registering shutdown blocker for PreviousExperimentProvider
1439421411273	addons.manager	DEBUG	Provider finished startup: PreviousExperimentProvider
JavaScript error: file:///var/folders/zz/zyxvpxvq6csfxvn_n00000s4000069/T/anonymous8426637167567820994webdriver-profile/extensions/fxdriver@googlecode.com/components/driver-component.js, line 11487: TypeError: this.server_ is undefined
JavaScript error: chrome://fxdriver/content/server.js, line 38: NS_ERROR_XPC_CI_RETURNED_FAILURE: Component returned failure code: 0x80570015 (NS_ERROR_XPC_CI_RETURNED_FAILURE) [nsIJSCID.createInstance]

Build info: version: '2.44.0', revision: '76d78cf323ce037c5f92db6c1bba601c2ac43ad8', time: '2014-10-23 13:11:40'
System info: host: 'epicodus-107.local', ip: '192.168.1.56', os.name: 'Mac OS X', os.arch: 'x86_64', os.version: '10.10.2', java.version: '1.8.0_51'
Driver info: driver.version: FirefoxDriver
	at org.openqa.selenium.firefox.internal.NewProfileExtensionConnection.start(NewProfileExtensionConnection.java:130)
	at org.openqa.selenium.firefox.FirefoxDriver.startClient(FirefoxDriver.java:246)
	at org.openqa.selenium.remote.RemoteWebDriver.&lt;init&gt;(RemoteWebDriver.java:114)
	at org.openqa.selenium.firefox.FirefoxDriver.&lt;init&gt;(FirefoxDriver.java:191)
	at org.openqa.selenium.firefox.FirefoxDriver.&lt;init&gt;(FirefoxDriver.java:186)
	at org.openqa.selenium.firefox.FirefoxDriver.&lt;init&gt;(FirefoxDriver.java:182)
	at org.openqa.selenium.firefox.FirefoxDriver.&lt;init&gt;(FirefoxDriver.java:95)
	at org.fluentlenium.adapter.FluentTest.getDefaultDriver(FluentTest.java:137)
	at org.fluentlenium.adapter.FluentTest.initFluentFromDefaultDriver(FluentTest.java:123)
	at org.fluentlenium.adapter.FluentTest.access$100(FluentTest.java:35)
	at org.fluentlenium.adapter.FluentTest$1.starting(FluentTest.java:74)
	at org.junit.rules.TestWatcher.startingQuietly(TestWatcher.java:108)
	at org.junit.rules.TestWatcher.access$000(TestWatcher.java:46)
	at org.junit.rules.TestWatcher$1.evaluate(TestWatcher.java:53)
	at org.junit.rules.RunRules.evaluate(RunRules.java:20)
	at org.junit.runners.ParentRunner.runLeaf(ParentRunner.java:325)
	at org.junit.runners.BlockJUnit4ClassRunner.runChild(BlockJUnit4ClassRunner.java:78)
	at org.junit.runners.BlockJUnit4ClassRunner.runChild(BlockJUnit4ClassRunner.java:57)
	at org.junit.runners.ParentRunner$3.run(ParentRunner.java:290)
	at org.junit.runners.ParentRunner$1.schedule(ParentRunner.java:71)
	at org.junit.runners.ParentRunner.runChildren(ParentRunner.java:288)
	at org.junit.runners.ParentRunner.access$000(ParentRunner.java:58)
	at org.junit.runners.ParentRunner$2.evaluate(ParentRunner.java:268)
	at org.junit.internal.runners.statements.RunAfters.evaluate(RunAfters.java:27)
	at org.junit.rules.ExternalResource$1.evaluate(ExternalResource.java:48)
	at org.junit.rules.RunRules.evaluate(RunRules.java:20)
	at org.junit.runners.ParentRunner.run(ParentRunner.java:363)
	at org.gradle.api.internal.tasks.testing.junit.JUnitTestClassExecuter.runTestClass(JUnitTestClassExecuter.java:86)
	at org.gradle.api.internal.tasks.testing.junit.JUnitTestClassExecuter.execute(JUnitTestClassExecuter.java:49)
	at org.gradle.api.internal.tasks.testing.junit.JUnitTestClassProcessor.processTestClass(JUnitTestClassProcessor.java:64)
	at org.gradle.api.internal.tasks.testing.SuiteTestClassProcessor.processTestClass(SuiteTestClassProcessor.java:50)
	at sun.reflect.NativeMethodAccessorImpl.invoke0(Native Method)
	at sun.reflect.NativeMethodAccessorImpl.invoke(NativeMethodAccessorImpl.java:62)
	at sun.reflect.DelegatingMethodAccessorImpl.invoke(DelegatingMethodAccessorImpl.java:43)
	at java.lang.reflect.Method.invoke(Method.java:497)
	at org.gradle.messaging.dispatch.ReflectionDispatch.dispatch(ReflectionDispatch.java:35)
	at org.gradle.messaging.dispatch.ReflectionDispatch.dispatch(ReflectionDispatch.java:24)
	at org.gradle.messaging.dispatch.ContextClassLoaderDispatch.dispatch(ContextClassLoaderDispatch.java:32)
	at org.gradle.messaging.dispatch.ProxyDispatchAdapter$DispatchingInvocationHandler.invoke(ProxyDispatchAdapter.java:93)
	at com.sun.proxy.$Proxy2.processTestClass(Unknown Source)
	at org.gradle.api.internal.tasks.testing.worker.TestWorker.processTestClass(TestWorker.java:106)
	at sun.reflect.NativeMethodAccessorImpl.invoke0(Native Method)
	at sun.reflect.NativeMethodAccessorImpl.invoke(NativeMethodAccessorImpl.java:62)
	at sun.reflect.DelegatingMethodAccessorImpl.invoke(DelegatingMethodAccessorImpl.java:43)
	at java.lang.reflect.Method.invoke(Method.java:497)
	at org.gradle.messaging.dispatch.ReflectionDispatch.dispatch(ReflectionDispatch.java:35)
	at org.gradle.messaging.dispatch.ReflectionDispatch.dispatch(ReflectionDispatch.java:24)
	at org.gradle.messaging.remote.internal.hub.MessageHub$Handler.run(MessageHub.java:360)
	at org.gradle.internal.concurrent.ExecutorPolicy$CatchAndRecordFailures.onExecute(ExecutorPolicy.java:54)
	at org.gradle.internal.concurrent.StoppableExecutorImpl$1.run(StoppableExecutorImpl.java:40)
	at java.util.concurrent.ThreadPoolExecutor.runWorker(ThreadPoolExecutor.java:1142)
	at java.util.concurrent.ThreadPoolExecutor$Worker.run(ThreadPoolExecutor.java:617)
	at java.lang.Thread.run(Thread.java:745)
Caused by: org.openqa.selenium.firefox.NotConnectedException: Unable to connect to host 127.0.0.1 on port 7055 after 45000 ms. Firefox console output:
 not a valid add-on ID: /var/folders/zz/zyxvpxvq6csfxvn_n00000s4000069/T/anonymous8426637167567820994webdriver-profile/extensions/webdriver-staging
1439421410992	addons.xpi	INFO	Mapping {972ce4c6-7e08-4474-a285-3208198ce6fd} to /Applications/Firefox.app/Contents/Resources/browser/extensions/{972ce4c6-7e08-4474-a285-3208198ce6fd}
1439421410992	addons.xpi	DEBUG	Skipping unavailable install location app-system-share
1439421410993	addons.xpi	DEBUG	checkForChanges
1439421410993	addons.xpi	DEBUG	Loaded add-on state from prefs: {&quot;app-profile&quot;:{&quot;fxdriver@googlecode.com&quot;:{&quot;d&quot;:&quot;/var/folders/zz/zyxvpxvq6csfxvn_n00000s4000069/T/anonymous8426637167567820994webdriver-profile/extensions/fxdriver@googlecode.com&quot;,&quot;e&quot;:true,&quot;v&quot;:&quot;2.44.0&quot;,&quot;st&quot;:1439421409000,&quot;mt&quot;:1439421409000}},&quot;app-global&quot;:{&quot;{972ce4c6-7e08-4474-a285-3208198ce6fd}&quot;:{&quot;d&quot;:&quot;/Applications/Firefox.app/Contents/Resources/browser/extensions/{972ce4c6-7e08-4474-a285-3208198ce6fd}&quot;,&quot;e&quot;:true,&quot;v&quot;:&quot;40.0&quot;,&quot;st&quot;:1438968590000,&quot;mt&quot;:1438966083000}}}
1439421410994	addons.xpi	DEBUG	getModTime: Recursive scan of fxdriver@googlecode.com
1439421410996	addons.xpi	DEBUG	getModTime: Recursive scan of {972ce4c6-7e08-4474-a285-3208198ce6fd}
1439421410996	addons.xpi	DEBUG	getInstallState changed: false, state: {&quot;app-profile&quot;:{&quot;fxdriver@googlecode.com&quot;:{&quot;d&quot;:&quot;/var/folders/zz/zyxvpxvq6csfxvn_n00000s4000069/T/anonymous8426637167567820994webdriver-profile/extensions/fxdriver@googlecode.com&quot;,&quot;e&quot;:true,&quot;v&quot;:&quot;2.44.0&quot;,&quot;st&quot;:1439421409000,&quot;mt&quot;:1439421409000}},&quot;app-global&quot;:{&quot;{972ce4c6-7e08-4474-a285-3208198ce6fd}&quot;:{&quot;d&quot;:&quot;/Applications/Firefox.app/Contents/Resources/browser/extensions/{972ce4c6-7e08-4474-a285-3208198ce6fd}&quot;,&quot;e&quot;:true,&quot;v&quot;:&quot;40.0&quot;,&quot;st&quot;:1438968590000,&quot;mt&quot;:1438966083000}}}
1439421410997	addons.xpi	DEBUG	No changes found
1439421411001	addons.manager	DEBUG	Registering shutdown blocker for XPIProvider
1439421411001	addons.manager	DEBUG	Provider finished startup: XPIProvider
1439421411001	addons.manager	DEBUG	Starting provider: LightweightThemeManager
1439421411001	addons.manager	DEBUG	Registering shutdown blocker for LightweightThemeManager
1439421411001	addons.manager	DEBUG	Provider finished startup: LightweightThemeManager
1439421411002	addons.manager	DEBUG	Starting provider: GMPProvider
1439421411004	addons.manager	DEBUG	Registering shutdown blocker for GMPProvider
1439421411005	addons.manager	DEBUG	Provider finished startup: GMPProvider
1439421411005	addons.manager	DEBUG	Starting provider: PluginProvider
1439421411005	addons.manager	DEBUG	Registering shutdown blocker for PluginProvider
1439421411005	addons.manager	DEBUG	Provider finished startup: PluginProvider
1439421411005	addons.manager	DEBUG	Completed startup sequence
1439421411027	addons.xpi-utils	DEBUG	Starting async load of XPI database /var/folders/zz/zyxvpxvq6csfxvn_n00000s4000069/T/anonymous8426637167567820994webdriver-profile/extensions.json
*** Blocklist::_loadBlocklistFromFile: blocklist is disabled
1439421411125	addons.manager	DEBUG	Starting provider: &lt;unnamed-provider&gt;
1439421411125	addons.manager	DEBUG	Registering shutdown blocker for &lt;unnamed-provider&gt;
1439421411125	addons.manager	DEBUG	Provider finished startup: &lt;unnamed-provider&gt;
1439421411208	addons.xpi-utils	DEBUG	Async JSON file read took 0 MS
1439421411208	addons.xpi-utils	DEBUG	Finished async read of XPI database, parsing...
1439421411209	addons.xpi-utils	DEBUG	Successfully read XPI database
1439421411272	addons.manager	DEBUG	Starting provider: PreviousExperimentProvider
1439421411272	addons.manager	DEBUG	Registering shutdown blocker for PreviousExperimentProvider
1439421411273	addons.manager	DEBUG	Provider finished startup: PreviousExperimentProvider
JavaScript error: file:///var/folders/zz/zyxvpxvq6csfxvn_n00000s4000069/T/anonymous8426637167567820994webdriver-profile/extensions/fxdriver@googlecode.com/components/driver-component.js, line 11487: TypeError: this.server_ is undefined
JavaScript error: chrome://fxdriver/content/server.js, line 38: NS_ERROR_XPC_CI_RETURNED_FAILURE: Component returned failure code: 0x80570015 (NS_ERROR_XPC_CI_RETURNED_FAILURE) [nsIJSCID.createInstance]

	at org.openqa.selenium.firefox.internal.NewProfileExtensionConnection.start(NewProfileExtensionConnection.java:118)
	... 52 more
</failure>
    <failure message="java.lang.NullPointerException" type="java.lang.NullPointerException">java.lang.NullPointerException
	at org.fluentlenium.core.Fluent.goTo(Fluent.java:336)
	at RPSGameFLTest.rootTest(RPSGameFLTest.java:23)
	at sun.reflect.NativeMethodAccessorImpl.invoke0(Native Method)
	at sun.reflect.NativeMethodAccessorImpl.invoke(NativeMethodAccessorImpl.java:62)
	at sun.reflect.DelegatingMethodAccessorImpl.invoke(DelegatingMethodAccessorImpl.java:43)
	at java.lang.reflect.Method.invoke(Method.java:497)
	at org.junit.runners.model.FrameworkMethod$1.runReflectiveCall(FrameworkMethod.java:50)
	at org.junit.internal.runners.model.ReflectiveCallable.run(ReflectiveCallable.java:12)
	at org.junit.runners.model.FrameworkMethod.invokeExplosively(FrameworkMethod.java:47)
	at org.junit.internal.runners.statements.InvokeMethod.evaluate(InvokeMethod.java:17)
	at org.junit.rules.TestWatcher$1.evaluate(TestWatcher.java:55)
	at org.junit.rules.TestWatcher$1.evaluate(TestWatcher.java:55)
	at org.junit.rules.RunRules.evaluate(RunRules.java:20)
	at org.junit.runners.ParentRunner.runLeaf(ParentRunner.java:325)
	at org.junit.runners.BlockJUnit4ClassRunner.runChild(BlockJUnit4ClassRunner.java:78)
	at org.junit.runners.BlockJUnit4ClassRunner.runChild(BlockJUnit4ClassRunner.java:57)
	at org.junit.runners.ParentRunner$3.run(ParentRunner.java:290)
	at org.junit.runners.ParentRunner$1.schedule(ParentRunner.java:71)
	at org.junit.runners.ParentRunner.runChildren(ParentRunner.java:288)
	at org.junit.runners.ParentRunner.access$000(ParentRunner.java:58)
	at org.junit.runners.ParentRunner$2.evaluate(ParentRunner.java:268)
	at org.junit.internal.runners.statements.RunAfters.evaluate(RunAfters.java:27)
	at org.junit.rules.ExternalResource$1.evaluate(ExternalResource.java:48)
	at org.junit.rules.RunRules.evaluate(RunRules.java:20)
	at org.junit.runners.ParentRunner.run(ParentRunner.java:363)
	at org.gradle.api.internal.tasks.testing.junit.JUnitTestClassExecuter.runTestClass(JUnitTestClassExecuter.java:86)
	at org.gradle.api.internal.tasks.testing.junit.JUnitTestClassExecuter.execute(JUnitTestClassExecuter.java:49)
	at org.gradle.api.internal.tasks.testing.junit.JUnitTestClassProcessor.processTestClass(JUnitTestClassProcessor.java:64)
	at org.gradle.api.internal.tasks.testing.SuiteTestClassProcessor.processTestClass(SuiteTestClassProcessor.java:50)
	at sun.reflect.NativeMethodAccessorImpl.invoke0(Native Method)
	at sun.reflect.NativeMethodAccessorImpl.invoke(NativeMethodAccessorImpl.java:62)
	at sun.reflect.DelegatingMethodAccessorImpl.invoke(DelegatingMethodAccessorImpl.java:43)
	at java.lang.reflect.Method.invoke(Method.java:497)
	at org.gradle.messaging.dispatch.ReflectionDispatch.dispatch(ReflectionDispatch.java:35)
	at org.gradle.messaging.dispatch.ReflectionDispatch.dispatch(ReflectionDispatch.java:24)
	at org.gradle.messaging.dispatch.ContextClassLoaderDispatch.dispatch(ContextClassLoaderDispatch.java:32)
	at org.gradle.messaging.dispatch.ProxyDispatchAdapter$DispatchingInvocationHandler.invoke(ProxyDispatchAdapter.java:93)
	at com.sun.proxy.$Proxy2.processTestClass(Unknown Source)
	at org.gradle.api.internal.tasks.testing.worker.TestWorker.processTestClass(TestWorker.java:106)
	at sun.reflect.NativeMethodAccessorImpl.invoke0(Native Method)
	at sun.reflect.NativeMethodAccessorImpl.invoke(NativeMethodAccessorImpl.java:62)
	at sun.reflect.DelegatingMethodAccessorImpl.invoke(DelegatingMethodAccessorImpl.java:43)
	at java.lang.reflect.Method.invoke(Method.java:497)
	at org.gradle.messaging.dispatch.ReflectionDispatch.dispatch(ReflectionDispatch.java:35)
	at org.gradle.messaging.dispatch.ReflectionDispatch.dispatch(ReflectionDispatch.java:24)
	at org.gradle.messaging.remote.internal.hub.MessageHub$Handler.run(MessageHub.java:360)
	at org.gradle.internal.concurrent.ExecutorPolicy$CatchAndRecordFailures.onExecute(ExecutorPolicy.java:54)
	at org.gradle.internal.concurrent.StoppableExecutorImpl$1.run(StoppableExecutorImpl.java:40)
	at java.util.concurrent.ThreadPoolExecutor.runWorker(ThreadPoolExecutor.java:1142)
	at java.util.concurrent.ThreadPoolExecutor$Worker.run(ThreadPoolExecutor.java:617)
	at java.lang.Thread.run(Thread.java:745)
</failure>
  </testcase>
  <testcase name="isResultDisplayed" classname="RPSGameFLTest" time="46.241">
    <failure message="org.openqa.selenium.WebDriverException: Failed to connect to binary FirefoxBinary(/Applications/Firefox.app/Contents/MacOS/firefox-bin) on port 7055; process output follows: &#10; not a valid add-on ID: /var/folders/zz/zyxvpxvq6csfxvn_n00000s4000069/T/anonymous1029955920239933705webdriver-profile/extensions/webdriver-staging&#10;1439421457218&#9;addons.xpi&#9;INFO&#9;Mapping {972ce4c6-7e08-4474-a285-3208198ce6fd} to /Applications/Firefox.app/Contents/Resources/browser/extensions/{972ce4c6-7e08-4474-a285-3208198ce6fd}&#10;1439421457218&#9;addons.xpi&#9;DEBUG&#9;Skipping unavailable install location app-system-share&#10;1439421457218&#9;addons.xpi&#9;DEBUG&#9;checkForChanges&#10;1439421457219&#9;addons.xpi&#9;DEBUG&#9;Loaded add-on state from prefs: {&quot;app-profile&quot;:{&quot;fxdriver@googlecode.com&quot;:{&quot;d&quot;:&quot;/var/folders/zz/zyxvpxvq6csfxvn_n00000s4000069/T/anonymous1029955920239933705webdriver-profile/extensions/fxdriver@googlecode.com&quot;,&quot;e&quot;:true,&quot;v&quot;:&quot;2.44.0&quot;,&quot;st&quot;:1439421456000,&quot;mt&quot;:1439421456000}},&quot;app-global&quot;:{&quot;{972ce4c6-7e08-4474-a285-3208198ce6fd}&quot;:{&quot;d&quot;:&quot;/Applications/Firefox.app/Contents/Resources/browser/extensions/{972ce4c6-7e08-4474-a285-3208198ce6fd}&quot;,&quot;e&quot;:true,&quot;v&quot;:&quot;40.0&quot;,&quot;st&quot;:1438968590000,&quot;mt&quot;:1438966083000}}}&#10;1439421457219&#9;addons.xpi&#9;DEBUG&#9;getModTime: Recursive scan of fxdriver@googlecode.com&#10;1439421457221&#9;addons.xpi&#9;DEBUG&#9;getModTime: Recursive scan of {972ce4c6-7e08-4474-a285-3208198ce6fd}&#10;1439421457221&#9;addons.xpi&#9;DEBUG&#9;getInstallState changed: false, state: {&quot;app-profile&quot;:{&quot;fxdriver@googlecode.com&quot;:{&quot;d&quot;:&quot;/var/folders/zz/zyxvpxvq6csfxvn_n00000s4000069/T/anonymous1029955920239933705webdriver-profile/extensions/fxdriver@googlecode.com&quot;,&quot;e&quot;:true,&quot;v&quot;:&quot;2.44.0&quot;,&quot;st&quot;:1439421456000,&quot;mt&quot;:1439421456000}},&quot;app-global&quot;:{&quot;{972ce4c6-7e08-4474-a285-3208198ce6fd}&quot;:{&quot;d&quot;:&quot;/Applications/Firefox.app/Contents/Resources/browser/extensions/{972ce4c6-7e08-4474-a285-3208198ce6fd}&quot;,&quot;e&quot;:true,&quot;v&quot;:&quot;40.0&quot;,&quot;st&quot;:1438968590000,&quot;mt&quot;:1438966083000}}}&#10;1439421457222&#9;addons.xpi&#9;DEBUG&#9;No changes found&#10;1439421457225&#9;addons.manager&#9;DEBUG&#9;Registering shutdown blocker for XPIProvider&#10;1439421457226&#9;addons.manager&#9;DEBUG&#9;Provider finished startup: XPIProvider&#10;1439421457226&#9;addons.manager&#9;DEBUG&#9;Starting provider: LightweightThemeManager&#10;1439421457226&#9;addons.manager&#9;DEBUG&#9;Registering shutdown blocker for LightweightThemeManager&#10;1439421457226&#9;addons.manager&#9;DEBUG&#9;Provider finished startup: LightweightThemeManager&#10;1439421457226&#9;addons.manager&#9;DEBUG&#9;Starting provider: GMPProvider&#10;1439421457229&#9;addons.manager&#9;DEBUG&#9;Registering shutdown blocker for GMPProvider&#10;1439421457229&#9;addons.manager&#9;DEBUG&#9;Provider finished startup: GMPProvider&#10;1439421457230&#9;addons.manager&#9;DEBUG&#9;Starting provider: PluginProvider&#10;1439421457230&#9;addons.manager&#9;DEBUG&#9;Registering shutdown blocker for PluginProvider&#10;1439421457230&#9;addons.manager&#9;DEBUG&#9;Provider finished startup: PluginProvider&#10;1439421457230&#9;addons.manager&#9;DEBUG&#9;Completed startup sequence&#10;1439421457250&#9;addons.xpi-utils&#9;DEBUG&#9;Starting async load of XPI database /var/folders/zz/zyxvpxvq6csfxvn_n00000s4000069/T/anonymous1029955920239933705webdriver-profile/extensions.json&#10;*** Blocklist::_loadBlocklistFromFile: blocklist is disabled&#10;1439421457348&#9;addons.manager&#9;DEBUG&#9;Starting provider: &lt;unnamed-provider&gt;&#10;1439421457348&#9;addons.manager&#9;DEBUG&#9;Registering shutdown blocker for &lt;unnamed-provider&gt;&#10;1439421457348&#9;addons.manager&#9;DEBUG&#9;Provider finished startup: &lt;unnamed-provider&gt;&#10;1439421457428&#9;addons.xpi-utils&#9;DEBUG&#9;Async JSON file read took 0 MS&#10;1439421457428&#9;addons.xpi-utils&#9;DEBUG&#9;Finished async read of XPI database, parsing...&#10;1439421457429&#9;addons.xpi-utils&#9;DEBUG&#9;Successfully read XPI database&#10;1439421457494&#9;addons.manager&#9;DEBUG&#9;Starting provider: PreviousExperimentProvider&#10;1439421457494&#9;addons.manager&#9;DEBUG&#9;Registering shutdown blocker for PreviousExperimentProvider&#10;1439421457495&#9;addons.manager&#9;DEBUG&#9;Provider finished startup: PreviousExperimentProvider&#10;JavaScript error: file:///var/folders/zz/zyxvpxvq6csfxvn_n00000s4000069/T/anonymous1029955920239933705webdriver-profile/extensions/fxdriver@googlecode.com/components/driver-component.js, line 11487: TypeError: this.server_ is undefined&#10;JavaScript error: chrome://fxdriver/content/server.js, line 38: NS_ERROR_XPC_CI_RETURNED_FAILURE: Component returned failure code: 0x80570015 (NS_ERROR_XPC_CI_RETURNED_FAILURE) [nsIJSCID.createInstance]&#10;&#10;Build info: version: '2.44.0', revision: '76d78cf323ce037c5f92db6c1bba601c2ac43ad8', time: '2014-10-23 13:11:40'&#10;System info: host: 'epicodus-107.local', ip: '192.168.1.56', os.name: 'Mac OS X', os.arch: 'x86_64', os.version: '10.10.2', java.version: '1.8.0_51'&#10;Driver info: driver.version: FirefoxDriver" type="org.openqa.selenium.WebDriverException">org.openqa.selenium.WebDriverException: Failed to connect to binary FirefoxBinary(/Applications/Firefox.app/Contents/MacOS/firefox-bin) on port 7055; process output follows: 
 not a valid add-on ID: /var/folders/zz/zyxvpxvq6csfxvn_n00000s4000069/T/anonymous1029955920239933705webdriver-profile/extensions/webdriver-staging
1439421457218	addons.xpi	INFO	Mapping {972ce4c6-7e08-4474-a285-3208198ce6fd} to /Applications/Firefox.app/Contents/Resources/browser/extensions/{972ce4c6-7e08-4474-a285-3208198ce6fd}
1439421457218	addons.xpi	DEBUG	Skipping unavailable install location app-system-share
1439421457218	addons.xpi	DEBUG	checkForChanges
1439421457219	addons.xpi	DEBUG	Loaded add-on state from prefs: {&quot;app-profile&quot;:{&quot;fxdriver@googlecode.com&quot;:{&quot;d&quot;:&quot;/var/folders/zz/zyxvpxvq6csfxvn_n00000s4000069/T/anonymous1029955920239933705webdriver-profile/extensions/fxdriver@googlecode.com&quot;,&quot;e&quot;:true,&quot;v&quot;:&quot;2.44.0&quot;,&quot;st&quot;:1439421456000,&quot;mt&quot;:1439421456000}},&quot;app-global&quot;:{&quot;{972ce4c6-7e08-4474-a285-3208198ce6fd}&quot;:{&quot;d&quot;:&quot;/Applications/Firefox.app/Contents/Resources/browser/extensions/{972ce4c6-7e08-4474-a285-3208198ce6fd}&quot;,&quot;e&quot;:true,&quot;v&quot;:&quot;40.0&quot;,&quot;st&quot;:1438968590000,&quot;mt&quot;:1438966083000}}}
1439421457219	addons.xpi	DEBUG	getModTime: Recursive scan of fxdriver@googlecode.com
1439421457221	addons.xpi	DEBUG	getModTime: Recursive scan of {972ce4c6-7e08-4474-a285-3208198ce6fd}
1439421457221	addons.xpi	DEBUG	getInstallState changed: false, state: {&quot;app-profile&quot;:{&quot;fxdriver@googlecode.com&quot;:{&quot;d&quot;:&quot;/var/folders/zz/zyxvpxvq6csfxvn_n00000s4000069/T/anonymous1029955920239933705webdriver-profile/extensions/fxdriver@googlecode.com&quot;,&quot;e&quot;:true,&quot;v&quot;:&quot;2.44.0&quot;,&quot;st&quot;:1439421456000,&quot;mt&quot;:1439421456000}},&quot;app-global&quot;:{&quot;{972ce4c6-7e08-4474-a285-3208198ce6fd}&quot;:{&quot;d&quot;:&quot;/Applications/Firefox.app/Contents/Resources/browser/extensions/{972ce4c6-7e08-4474-a285-3208198ce6fd}&quot;,&quot;e&quot;:true,&quot;v&quot;:&quot;40.0&quot;,&quot;st&quot;:1438968590000,&quot;mt&quot;:1438966083000}}}
1439421457222	addons.xpi	DEBUG	No changes found
1439421457225	addons.manager	DEBUG	Registering shutdown blocker for XPIProvider
1439421457226	addons.manager	DEBUG	Provider finished startup: XPIProvider
1439421457226	addons.manager	DEBUG	Starting provider: LightweightThemeManager
1439421457226	addons.manager	DEBUG	Registering shutdown blocker for LightweightThemeManager
1439421457226	addons.manager	DEBUG	Provider finished startup: LightweightThemeManager
1439421457226	addons.manager	DEBUG	Starting provider: GMPProvider
1439421457229	addons.manager	DEBUG	Registering shutdown blocker for GMPProvider
1439421457229	addons.manager	DEBUG	Provider finished startup: GMPProvider
1439421457230	addons.manager	DEBUG	Starting provider: PluginProvider
1439421457230	addons.manager	DEBUG	Registering shutdown blocker for PluginProvider
1439421457230	addons.manager	DEBUG	Provider finished startup: PluginProvider
1439421457230	addons.manager	DEBUG	Completed startup sequence
1439421457250	addons.xpi-utils	DEBUG	Starting async load of XPI database /var/folders/zz/zyxvpxvq6csfxvn_n00000s4000069/T/anonymous1029955920239933705webdriver-profile/extensions.json
*** Blocklist::_loadBlocklistFromFile: blocklist is disabled
1439421457348	addons.manager	DEBUG	Starting provider: &lt;unnamed-provider&gt;
1439421457348	addons.manager	DEBUG	Registering shutdown blocker for &lt;unnamed-provider&gt;
1439421457348	addons.manager	DEBUG	Provider finished startup: &lt;unnamed-provider&gt;
1439421457428	addons.xpi-utils	DEBUG	Async JSON file read took 0 MS
1439421457428	addons.xpi-utils	DEBUG	Finished async read of XPI database, parsing...
1439421457429	addons.xpi-utils	DEBUG	Successfully read XPI database
1439421457494	addons.manager	DEBUG	Starting provider: PreviousExperimentProvider
1439421457494	addons.manager	DEBUG	Registering shutdown blocker for PreviousExperimentProvider
1439421457495	addons.manager	DEBUG	Provider finished startup: PreviousExperimentProvider
JavaScript error: file:///var/folders/zz/zyxvpxvq6csfxvn_n00000s4000069/T/anonymous1029955920239933705webdriver-profile/extensions/fxdriver@googlecode.com/components/driver-component.js, line 11487: TypeError: this.server_ is undefined
JavaScript error: chrome://fxdriver/content/server.js, line 38: NS_ERROR_XPC_CI_RETURNED_FAILURE: Component returned failure code: 0x80570015 (NS_ERROR_XPC_CI_RETURNED_FAILURE) [nsIJSCID.createInstance]

Build info: version: '2.44.0', revision: '76d78cf323ce037c5f92db6c1bba601c2ac43ad8', time: '2014-10-23 13:11:40'
System info: host: 'epicodus-107.local', ip: '192.168.1.56', os.name: 'Mac OS X', os.arch: 'x86_64', os.version: '10.10.2', java.version: '1.8.0_51'
Driver info: driver.version: FirefoxDriver
	at org.openqa.selenium.firefox.internal.NewProfileExtensionConnection.start(NewProfileExtensionConnection.java:130)
	at org.openqa.selenium.firefox.FirefoxDriver.startClient(FirefoxDriver.java:246)
	at org.openqa.selenium.remote.RemoteWebDriver.&lt;init&gt;(RemoteWebDriver.java:114)
	at org.openqa.selenium.firefox.FirefoxDriver.&lt;init&gt;(FirefoxDriver.java:191)
	at org.openqa.selenium.firefox.FirefoxDriver.&lt;init&gt;(FirefoxDriver.java:186)
	at org.openqa.selenium.firefox.FirefoxDriver.&lt;init&gt;(FirefoxDriver.java:182)
	at org.openqa.selenium.firefox.FirefoxDriver.&lt;init&gt;(FirefoxDriver.java:95)
	at org.fluentlenium.adapter.FluentTest.getDefaultDriver(FluentTest.java:137)
	at org.fluentlenium.adapter.FluentTest.initFluentFromDefaultDriver(FluentTest.java:123)
	at org.fluentlenium.adapter.FluentTest.access$100(FluentTest.java:35)
	at org.fluentlenium.adapter.FluentTest$1.starting(FluentTest.java:74)
	at org.junit.rules.TestWatcher.startingQuietly(TestWatcher.java:108)
	at org.junit.rules.TestWatcher.access$000(TestWatcher.java:46)
	at org.junit.rules.TestWatcher$1.evaluate(TestWatcher.java:53)
	at org.junit.rules.RunRules.evaluate(RunRules.java:20)
	at org.junit.runners.ParentRunner.runLeaf(ParentRunner.java:325)
	at org.junit.runners.BlockJUnit4ClassRunner.runChild(BlockJUnit4ClassRunner.java:78)
	at org.junit.runners.BlockJUnit4ClassRunner.runChild(BlockJUnit4ClassRunner.java:57)
	at org.junit.runners.ParentRunner$3.run(ParentRunner.java:290)
	at org.junit.runners.ParentRunner$1.schedule(ParentRunner.java:71)
	at org.junit.runners.ParentRunner.runChildren(ParentRunner.java:288)
	at org.junit.runners.ParentRunner.access$000(ParentRunner.java:58)
	at org.junit.runners.ParentRunner$2.evaluate(ParentRunner.java:268)
	at org.junit.internal.runners.statements.RunAfters.evaluate(RunAfters.java:27)
	at org.junit.rules.ExternalResource$1.evaluate(ExternalResource.java:48)
	at org.junit.rules.RunRules.evaluate(RunRules.java:20)
	at org.junit.runners.ParentRunner.run(ParentRunner.java:363)
	at org.gradle.api.internal.tasks.testing.junit.JUnitTestClassExecuter.runTestClass(JUnitTestClassExecuter.java:86)
	at org.gradle.api.internal.tasks.testing.junit.JUnitTestClassExecuter.execute(JUnitTestClassExecuter.java:49)
	at org.gradle.api.internal.tasks.testing.junit.JUnitTestClassProcessor.processTestClass(JUnitTestClassProcessor.java:64)
	at org.gradle.api.internal.tasks.testing.SuiteTestClassProcessor.processTestClass(SuiteTestClassProcessor.java:50)
	at sun.reflect.NativeMethodAccessorImpl.invoke0(Native Method)
	at sun.reflect.NativeMethodAccessorImpl.invoke(NativeMethodAccessorImpl.java:62)
	at sun.reflect.DelegatingMethodAccessorImpl.invoke(DelegatingMethodAccessorImpl.java:43)
	at java.lang.reflect.Method.invoke(Method.java:497)
	at org.gradle.messaging.dispatch.ReflectionDispatch.dispatch(ReflectionDispatch.java:35)
	at org.gradle.messaging.dispatch.ReflectionDispatch.dispatch(ReflectionDispatch.java:24)
	at org.gradle.messaging.dispatch.ContextClassLoaderDispatch.dispatch(ContextClassLoaderDispatch.java:32)
	at org.gradle.messaging.dispatch.ProxyDispatchAdapter$DispatchingInvocationHandler.invoke(ProxyDispatchAdapter.java:93)
	at com.sun.proxy.$Proxy2.processTestClass(Unknown Source)
	at org.gradle.api.internal.tasks.testing.worker.TestWorker.processTestClass(TestWorker.java:106)
	at sun.reflect.NativeMethodAccessorImpl.invoke0(Native Method)
	at sun.reflect.NativeMethodAccessorImpl.invoke(NativeMethodAccessorImpl.java:62)
	at sun.reflect.DelegatingMethodAccessorImpl.invoke(DelegatingMethodAccessorImpl.java:43)
	at java.lang.reflect.Method.invoke(Method.java:497)
	at org.gradle.messaging.dispatch.ReflectionDispatch.dispatch(ReflectionDispatch.java:35)
	at org.gradle.messaging.dispatch.ReflectionDispatch.dispatch(ReflectionDispatch.java:24)
	at org.gradle.messaging.remote.internal.hub.MessageHub$Handler.run(MessageHub.java:360)
	at org.gradle.internal.concurrent.ExecutorPolicy$CatchAndRecordFailures.onExecute(ExecutorPolicy.java:54)
	at org.gradle.internal.concurrent.StoppableExecutorImpl$1.run(StoppableExecutorImpl.java:40)
	at java.util.concurrent.ThreadPoolExecutor.runWorker(ThreadPoolExecutor.java:1142)
	at java.util.concurrent.ThreadPoolExecutor$Worker.run(ThreadPoolExecutor.java:617)
	at java.lang.Thread.run(Thread.java:745)
Caused by: org.openqa.selenium.firefox.NotConnectedException: Unable to connect to host 127.0.0.1 on port 7055 after 45000 ms. Firefox console output:
 not a valid add-on ID: /var/folders/zz/zyxvpxvq6csfxvn_n00000s4000069/T/anonymous1029955920239933705webdriver-profile/extensions/webdriver-staging
1439421457218	addons.xpi	INFO	Mapping {972ce4c6-7e08-4474-a285-3208198ce6fd} to /Applications/Firefox.app/Contents/Resources/browser/extensions/{972ce4c6-7e08-4474-a285-3208198ce6fd}
1439421457218	addons.xpi	DEBUG	Skipping unavailable install location app-system-share
1439421457218	addons.xpi	DEBUG	checkForChanges
1439421457219	addons.xpi	DEBUG	Loaded add-on state from prefs: {&quot;app-profile&quot;:{&quot;fxdriver@googlecode.com&quot;:{&quot;d&quot;:&quot;/var/folders/zz/zyxvpxvq6csfxvn_n00000s4000069/T/anonymous1029955920239933705webdriver-profile/extensions/fxdriver@googlecode.com&quot;,&quot;e&quot;:true,&quot;v&quot;:&quot;2.44.0&quot;,&quot;st&quot;:1439421456000,&quot;mt&quot;:1439421456000}},&quot;app-global&quot;:{&quot;{972ce4c6-7e08-4474-a285-3208198ce6fd}&quot;:{&quot;d&quot;:&quot;/Applications/Firefox.app/Contents/Resources/browser/extensions/{972ce4c6-7e08-4474-a285-3208198ce6fd}&quot;,&quot;e&quot;:true,&quot;v&quot;:&quot;40.0&quot;,&quot;st&quot;:1438968590000,&quot;mt&quot;:1438966083000}}}
1439421457219	addons.xpi	DEBUG	getModTime: Recursive scan of fxdriver@googlecode.com
1439421457221	addons.xpi	DEBUG	getModTime: Recursive scan of {972ce4c6-7e08-4474-a285-3208198ce6fd}
1439421457221	addons.xpi	DEBUG	getInstallState changed: false, state: {&quot;app-profile&quot;:{&quot;fxdriver@googlecode.com&quot;:{&quot;d&quot;:&quot;/var/folders/zz/zyxvpxvq6csfxvn_n00000s4000069/T/anonymous1029955920239933705webdriver-profile/extensions/fxdriver@googlecode.com&quot;,&quot;e&quot;:true,&quot;v&quot;:&quot;2.44.0&quot;,&quot;st&quot;:1439421456000,&quot;mt&quot;:1439421456000}},&quot;app-global&quot;:{&quot;{972ce4c6-7e08-4474-a285-3208198ce6fd}&quot;:{&quot;d&quot;:&quot;/Applications/Firefox.app/Contents/Resources/browser/extensions/{972ce4c6-7e08-4474-a285-3208198ce6fd}&quot;,&quot;e&quot;:true,&quot;v&quot;:&quot;40.0&quot;,&quot;st&quot;:1438968590000,&quot;mt&quot;:1438966083000}}}
1439421457222	addons.xpi	DEBUG	No changes found
1439421457225	addons.manager	DEBUG	Registering shutdown blocker for XPIProvider
1439421457226	addons.manager	DEBUG	Provider finished startup: XPIProvider
1439421457226	addons.manager	DEBUG	Starting provider: LightweightThemeManager
1439421457226	addons.manager	DEBUG	Registering shutdown blocker for LightweightThemeManager
1439421457226	addons.manager	DEBUG	Provider finished startup: LightweightThemeManager
1439421457226	addons.manager	DEBUG	Starting provider: GMPProvider
1439421457229	addons.manager	DEBUG	Registering shutdown blocker for GMPProvider
1439421457229	addons.manager	DEBUG	Provider finished startup: GMPProvider
1439421457230	addons.manager	DEBUG	Starting provider: PluginProvider
1439421457230	addons.manager	DEBUG	Registering shutdown blocker for PluginProvider
1439421457230	addons.manager	DEBUG	Provider finished startup: PluginProvider
1439421457230	addons.manager	DEBUG	Completed startup sequence
1439421457250	addons.xpi-utils	DEBUG	Starting async load of XPI database /var/folders/zz/zyxvpxvq6csfxvn_n00000s4000069/T/anonymous1029955920239933705webdriver-profile/extensions.json
*** Blocklist::_loadBlocklistFromFile: blocklist is disabled
1439421457348	addons.manager	DEBUG	Starting provider: &lt;unnamed-provider&gt;
1439421457348	addons.manager	DEBUG	Registering shutdown blocker for &lt;unnamed-provider&gt;
1439421457348	addons.manager	DEBUG	Provider finished startup: &lt;unnamed-provider&gt;
1439421457428	addons.xpi-utils	DEBUG	Async JSON file read took 0 MS
1439421457428	addons.xpi-utils	DEBUG	Finished async read of XPI database, parsing...
1439421457429	addons.xpi-utils	DEBUG	Successfully read XPI database
1439421457494	addons.manager	DEBUG	Starting provider: PreviousExperimentProvider
1439421457494	addons.manager	DEBUG	Registering shutdown blocker for PreviousExperimentProvider
1439421457495	addons.manager	DEBUG	Provider finished startup: PreviousExperimentProvider
JavaScript error: file:///var/folders/zz/zyxvpxvq6csfxvn_n00000s4000069/T/anonymous1029955920239933705webdriver-profile/extensions/fxdriver@googlecode.com/components/driver-component.js, line 11487: TypeError: this.server_ is undefined
JavaScript error: chrome://fxdriver/content/server.js, line 38: NS_ERROR_XPC_CI_RETURNED_FAILURE: Component returned failure code: 0x80570015 (NS_ERROR_XPC_CI_RETURNED_FAILURE) [nsIJSCID.createInstance]

	at org.openqa.selenium.firefox.internal.NewProfileExtensionConnection.start(NewProfileExtensionConnection.java:118)
	... 52 more
</failure>
    <failure message="java.lang.NullPointerException" type="java.lang.NullPointerException">java.lang.NullPointerException
	at org.fluentlenium.core.Fluent.goTo(Fluent.java:336)
	at RPSGameFLTest.isResultDisplayed(RPSGameFLTest.java:29)
	at sun.reflect.NativeMethodAccessorImpl.invoke0(Native Method)
	at sun.reflect.NativeMethodAccessorImpl.invoke(NativeMethodAccessorImpl.java:62)
	at sun.reflect.DelegatingMethodAccessorImpl.invoke(DelegatingMethodAccessorImpl.java:43)
	at java.lang.reflect.Method.invoke(Method.java:497)
	at org.junit.runners.model.FrameworkMethod$1.runReflectiveCall(FrameworkMethod.java:50)
	at org.junit.internal.runners.model.ReflectiveCallable.run(ReflectiveCallable.java:12)
	at org.junit.runners.model.FrameworkMethod.invokeExplosively(FrameworkMethod.java:47)
	at org.junit.internal.runners.statements.InvokeMethod.evaluate(InvokeMethod.java:17)
	at org.junit.rules.TestWatcher$1.evaluate(TestWatcher.java:55)
	at org.junit.rules.TestWatcher$1.evaluate(TestWatcher.java:55)
	at org.junit.rules.RunRules.evaluate(RunRules.java:20)
	at org.junit.runners.ParentRunner.runLeaf(ParentRunner.java:325)
	at org.junit.runners.BlockJUnit4ClassRunner.runChild(BlockJUnit4ClassRunner.java:78)
	at org.junit.runners.BlockJUnit4ClassRunner.runChild(BlockJUnit4ClassRunner.java:57)
	at org.junit.runners.ParentRunner$3.run(ParentRunner.java:290)
	at org.junit.runners.ParentRunner$1.schedule(ParentRunner.java:71)
	at org.junit.runners.ParentRunner.runChildren(ParentRunner.java:288)
	at org.junit.runners.ParentRunner.access$000(ParentRunner.java:58)
	at org.junit.runners.ParentRunner$2.evaluate(ParentRunner.java:268)
	at org.junit.internal.runners.statements.RunAfters.evaluate(RunAfters.java:27)
	at org.junit.rules.ExternalResource$1.evaluate(ExternalResource.java:48)
	at org.junit.rules.RunRules.evaluate(RunRules.java:20)
	at org.junit.runners.ParentRunner.run(ParentRunner.java:363)
	at org.gradle.api.internal.tasks.testing.junit.JUnitTestClassExecuter.runTestClass(JUnitTestClassExecuter.java:86)
	at org.gradle.api.internal.tasks.testing.junit.JUnitTestClassExecuter.execute(JUnitTestClassExecuter.java:49)
	at org.gradle.api.internal.tasks.testing.junit.JUnitTestClassProcessor.processTestClass(JUnitTestClassProcessor.java:64)
	at org.gradle.api.internal.tasks.testing.SuiteTestClassProcessor.processTestClass(SuiteTestClassProcessor.java:50)
	at sun.reflect.NativeMethodAccessorImpl.invoke0(Native Method)
	at sun.reflect.NativeMethodAccessorImpl.invoke(NativeMethodAccessorImpl.java:62)
	at sun.reflect.DelegatingMethodAccessorImpl.invoke(DelegatingMethodAccessorImpl.java:43)
	at java.lang.reflect.Method.invoke(Method.java:497)
	at org.gradle.messaging.dispatch.ReflectionDispatch.dispatch(ReflectionDispatch.java:35)
	at org.gradle.messaging.dispatch.ReflectionDispatch.dispatch(ReflectionDispatch.java:24)
	at org.gradle.messaging.dispatch.ContextClassLoaderDispatch.dispatch(ContextClassLoaderDispatch.java:32)
	at org.gradle.messaging.dispatch.ProxyDispatchAdapter$DispatchingInvocationHandler.invoke(ProxyDispatchAdapter.java:93)
	at com.sun.proxy.$Proxy2.processTestClass(Unknown Source)
	at org.gradle.api.internal.tasks.testing.worker.TestWorker.processTestClass(TestWorker.java:106)
	at sun.reflect.NativeMethodAccessorImpl.invoke0(Native Method)
	at sun.reflect.NativeMethodAccessorImpl.invoke(NativeMethodAccessorImpl.java:62)
	at sun.reflect.DelegatingMethodAccessorImpl.invoke(DelegatingMethodAccessorImpl.java:43)
	at java.lang.reflect.Method.invoke(Method.java:497)
	at org.gradle.messaging.dispatch.ReflectionDispatch.dispatch(ReflectionDispatch.java:35)
	at org.gradle.messaging.dispatch.ReflectionDispatch.dispatch(ReflectionDispatch.java:24)
	at org.gradle.messaging.remote.internal.hub.MessageHub$Handler.run(MessageHub.java:360)
	at org.gradle.internal.concurrent.ExecutorPolicy$CatchAndRecordFailures.onExecute(ExecutorPolicy.java:54)
	at org.gradle.internal.concurrent.StoppableExecutorImpl$1.run(StoppableExecutorImpl.java:40)
	at java.util.concurrent.ThreadPoolExecutor.runWorker(ThreadPoolExecutor.java:1142)
	at java.util.concurrent.ThreadPoolExecutor$Worker.run(ThreadPoolExecutor.java:617)
	at java.lang.Thread.run(Thread.java:745)
</failure>
  </testcase>
  <system-out><![CDATA[]]></system-out>
  <system-err><![CDATA[[Thread-4] INFO spark.webserver.SparkServer - == Spark has ignited ...
[Thread-4] INFO spark.webserver.SparkServer - >> Listening on 0.0.0.0:4567
[Thread-4] INFO org.eclipse.jetty.server.Server - jetty-9.0.2.v20130417
[Thread-4] INFO org.eclipse.jetty.server.ServerConnector - Started ServerConnector@4fdbd73{HTTP/1.1}{0.0.0.0:4567}
org.openqa.selenium.firefox.NotConnectedException: Unable to connect to host 127.0.0.1 on port 7055 after 45000 ms. Firefox console output:
 not a valid add-on ID: /var/folders/zz/zyxvpxvq6csfxvn_n00000s4000069/T/anonymous8426637167567820994webdriver-profile/extensions/webdriver-staging
1439421410992	addons.xpi	INFO	Mapping {972ce4c6-7e08-4474-a285-3208198ce6fd} to /Applications/Firefox.app/Contents/Resources/browser/extensions/{972ce4c6-7e08-4474-a285-3208198ce6fd}
1439421410992	addons.xpi	DEBUG	Skipping unavailable install location app-system-share
1439421410993	addons.xpi	DEBUG	checkForChanges
1439421410993	addons.xpi	DEBUG	Loaded add-on state from prefs: {"app-profile":{"fxdriver@googlecode.com":{"d":"/var/folders/zz/zyxvpxvq6csfxvn_n00000s4000069/T/anonymous8426637167567820994webdriver-profile/extensions/fxdriver@googlecode.com","e":true,"v":"2.44.0","st":1439421409000,"mt":1439421409000}},"app-global":{"{972ce4c6-7e08-4474-a285-3208198ce6fd}":{"d":"/Applications/Firefox.app/Contents/Resources/browser/extensions/{972ce4c6-7e08-4474-a285-3208198ce6fd}","e":true,"v":"40.0","st":1438968590000,"mt":1438966083000}}}
1439421410994	addons.xpi	DEBUG	getModTime: Recursive scan of fxdriver@googlecode.com
1439421410996	addons.xpi	DEBUG	getModTime: Recursive scan of {972ce4c6-7e08-4474-a285-3208198ce6fd}
1439421410996	addons.xpi	DEBUG	getInstallState changed: false, state: {"app-profile":{"fxdriver@googlecode.com":{"d":"/var/folders/zz/zyxvpxvq6csfxvn_n00000s4000069/T/anonymous8426637167567820994webdriver-profile/extensions/fxdriver@googlecode.com","e":true,"v":"2.44.0","st":1439421409000,"mt":1439421409000}},"app-global":{"{972ce4c6-7e08-4474-a285-3208198ce6fd}":{"d":"/Applications/Firefox.app/Contents/Resources/browser/extensions/{972ce4c6-7e08-4474-a285-3208198ce6fd}","e":true,"v":"40.0","st":1438968590000,"mt":1438966083000}}}
1439421410997	addons.xpi	DEBUG	No changes found
1439421411001	addons.manager	DEBUG	Registering shutdown blocker for XPIProvider
1439421411001	addons.manager	DEBUG	Provider finished startup: XPIProvider
1439421411001	addons.manager	DEBUG	Starting provider: LightweightThemeManager
1439421411001	addons.manager	DEBUG	Registering shutdown blocker for LightweightThemeManager
1439421411001	addons.manager	DEBUG	Provider finished startup: LightweightThemeManager
1439421411002	addons.manager	DEBUG	Starting provider: GMPProvider
1439421411004	addons.manager	DEBUG	Registering shutdown blocker for GMPProvider
1439421411005	addons.manager	DEBUG	Provider finished startup: GMPProvider
1439421411005	addons.manager	DEBUG	Starting provider: PluginProvider
1439421411005	addons.manager	DEBUG	Registering shutdown blocker for PluginProvider
1439421411005	addons.manager	DEBUG	Provider finished startup: PluginProvider
1439421411005	addons.manager	DEBUG	Completed startup sequence
1439421411027	addons.xpi-utils	DEBUG	Starting async load of XPI database /var/folders/zz/zyxvpxvq6csfxvn_n00000s4000069/T/anonymous8426637167567820994webdriver-profile/extensions.json
*** Blocklist::_loadBlocklistFromFile: blocklist is disabled
1439421411125	addons.manager	DEBUG	Starting provider: <unnamed-provider>
1439421411125	addons.manager	DEBUG	Registering shutdown blocker for <unnamed-provider>
1439421411125	addons.manager	DEBUG	Provider finished startup: <unnamed-provider>
1439421411208	addons.xpi-utils	DEBUG	Async JSON file read took 0 MS
1439421411208	addons.xpi-utils	DEBUG	Finished async read of XPI database, parsing...
1439421411209	addons.xpi-utils	DEBUG	Successfully read XPI database
1439421411272	addons.manager	DEBUG	Starting provider: PreviousExperimentProvider
1439421411272	addons.manager	DEBUG	Registering shutdown blocker for PreviousExperimentProvider
1439421411273	addons.manager	DEBUG	Provider finished startup: PreviousExperimentProvider
JavaScript error: file:///var/folders/zz/zyxvpxvq6csfxvn_n00000s4000069/T/anonymous8426637167567820994webdriver-profile/extensions/fxdriver@googlecode.com/components/driver-component.js, line 11487: TypeError: this.server_ is undefined
JavaScript error: chrome://fxdriver/content/server.js, line 38: NS_ERROR_XPC_CI_RETURNED_FAILURE: Component returned failure code: 0x80570015 (NS_ERROR_XPC_CI_RETURNED_FAILURE) [nsIJSCID.createInstance]

	at org.openqa.selenium.firefox.internal.NewProfileExtensionConnection.start(NewProfileExtensionConnection.java:118)
	at org.openqa.selenium.firefox.FirefoxDriver.startClient(FirefoxDriver.java:246)
	at org.openqa.selenium.remote.RemoteWebDriver.<init>(RemoteWebDriver.java:114)
	at org.openqa.selenium.firefox.FirefoxDriver.<init>(FirefoxDriver.java:191)
	at org.openqa.selenium.firefox.FirefoxDriver.<init>(FirefoxDriver.java:186)
	at org.openqa.selenium.firefox.FirefoxDriver.<init>(FirefoxDriver.java:182)
	at org.openqa.selenium.firefox.FirefoxDriver.<init>(FirefoxDriver.java:95)
	at org.fluentlenium.adapter.FluentTest.getDefaultDriver(FluentTest.java:137)
	at org.fluentlenium.adapter.FluentTest.initFluentFromDefaultDriver(FluentTest.java:123)
	at org.fluentlenium.adapter.FluentTest.access$100(FluentTest.java:35)
	at org.fluentlenium.adapter.FluentTest$1.starting(FluentTest.java:74)
	at org.junit.rules.TestWatcher.startingQuietly(TestWatcher.java:108)
	at org.junit.rules.TestWatcher.access$000(TestWatcher.java:46)
	at org.junit.rules.TestWatcher$1.evaluate(TestWatcher.java:53)
	at org.junit.rules.RunRules.evaluate(RunRules.java:20)
	at org.junit.runners.ParentRunner.runLeaf(ParentRunner.java:325)
	at org.junit.runners.BlockJUnit4ClassRunner.runChild(BlockJUnit4ClassRunner.java:78)
	at org.junit.runners.BlockJUnit4ClassRunner.runChild(BlockJUnit4ClassRunner.java:57)
	at org.junit.runners.ParentRunner$3.run(ParentRunner.java:290)
	at org.junit.runners.ParentRunner$1.schedule(ParentRunner.java:71)
	at org.junit.runners.ParentRunner.runChildren(ParentRunner.java:288)
	at org.junit.runners.ParentRunner.access$000(ParentRunner.java:58)
	at org.junit.runners.ParentRunner$2.evaluate(ParentRunner.java:268)
	at org.junit.internal.runners.statements.RunAfters.evaluate(RunAfters.java:27)
	at org.junit.rules.ExternalResource$1.evaluate(ExternalResource.java:48)
	at org.junit.rules.RunRules.evaluate(RunRules.java:20)
	at org.junit.runners.ParentRunner.run(ParentRunner.java:363)
	at org.gradle.api.internal.tasks.testing.junit.JUnitTestClassExecuter.runTestClass(JUnitTestClassExecuter.java:86)
	at org.gradle.api.internal.tasks.testing.junit.JUnitTestClassExecuter.execute(JUnitTestClassExecuter.java:49)
	at org.gradle.api.internal.tasks.testing.junit.JUnitTestClassProcessor.processTestClass(JUnitTestClassProcessor.java:64)
	at org.gradle.api.internal.tasks.testing.SuiteTestClassProcessor.processTestClass(SuiteTestClassProcessor.java:50)
	at sun.reflect.NativeMethodAccessorImpl.invoke0(Native Method)
	at sun.reflect.NativeMethodAccessorImpl.invoke(NativeMethodAccessorImpl.java:62)
	at sun.reflect.DelegatingMethodAccessorImpl.invoke(DelegatingMethodAccessorImpl.java:43)
	at java.lang.reflect.Method.invoke(Method.java:497)
	at org.gradle.messaging.dispatch.ReflectionDispatch.dispatch(ReflectionDispatch.java:35)
	at org.gradle.messaging.dispatch.ReflectionDispatch.dispatch(ReflectionDispatch.java:24)
	at org.gradle.messaging.dispatch.ContextClassLoaderDispatch.dispatch(ContextClassLoaderDispatch.java:32)
	at org.gradle.messaging.dispatch.ProxyDispatchAdapter$DispatchingInvocationHandler.invoke(ProxyDispatchAdapter.java:93)
	at com.sun.proxy.$Proxy2.processTestClass(Unknown Source)
	at org.gradle.api.internal.tasks.testing.worker.TestWorker.processTestClass(TestWorker.java:106)
	at sun.reflect.NativeMethodAccessorImpl.invoke0(Native Method)
	at sun.reflect.NativeMethodAccessorImpl.invoke(NativeMethodAccessorImpl.java:62)
	at sun.reflect.DelegatingMethodAccessorImpl.invoke(DelegatingMethodAccessorImpl.java:43)
	at java.lang.reflect.Method.invoke(Method.java:497)
	at org.gradle.messaging.dispatch.ReflectionDispatch.dispatch(ReflectionDispatch.java:35)
	at org.gradle.messaging.dispatch.ReflectionDispatch.dispatch(ReflectionDispatch.java:24)
	at org.gradle.messaging.remote.internal.hub.MessageHub$Handler.run(MessageHub.java:360)
	at org.gradle.internal.concurrent.ExecutorPolicy$CatchAndRecordFailures.onExecute(ExecutorPolicy.java:54)
	at org.gradle.internal.concurrent.StoppableExecutorImpl$1.run(StoppableExecutorImpl.java:40)
	at java.util.concurrent.ThreadPoolExecutor.runWorker(ThreadPoolExecutor.java:1142)
	at java.util.concurrent.ThreadPoolExecutor$Worker.run(ThreadPoolExecutor.java:617)
	at java.lang.Thread.run(Thread.java:745)
org.openqa.selenium.firefox.NotConnectedException: Unable to connect to host 127.0.0.1 on port 7055 after 45000 ms. Firefox console output:
 not a valid add-on ID: /var/folders/zz/zyxvpxvq6csfxvn_n00000s4000069/T/anonymous1029955920239933705webdriver-profile/extensions/webdriver-staging
1439421457218	addons.xpi	INFO	Mapping {972ce4c6-7e08-4474-a285-3208198ce6fd} to /Applications/Firefox.app/Contents/Resources/browser/extensions/{972ce4c6-7e08-4474-a285-3208198ce6fd}
1439421457218	addons.xpi	DEBUG	Skipping unavailable install location app-system-share
1439421457218	addons.xpi	DEBUG	checkForChanges
1439421457219	addons.xpi	DEBUG	Loaded add-on state from prefs: {"app-profile":{"fxdriver@googlecode.com":{"d":"/var/folders/zz/zyxvpxvq6csfxvn_n00000s4000069/T/anonymous1029955920239933705webdriver-profile/extensions/fxdriver@googlecode.com","e":true,"v":"2.44.0","st":1439421456000,"mt":1439421456000}},"app-global":{"{972ce4c6-7e08-4474-a285-3208198ce6fd}":{"d":"/Applications/Firefox.app/Contents/Resources/browser/extensions/{972ce4c6-7e08-4474-a285-3208198ce6fd}","e":true,"v":"40.0","st":1438968590000,"mt":1438966083000}}}
1439421457219	addons.xpi	DEBUG	getModTime: Recursive scan of fxdriver@googlecode.com
1439421457221	addons.xpi	DEBUG	getModTime: Recursive scan of {972ce4c6-7e08-4474-a285-3208198ce6fd}
1439421457221	addons.xpi	DEBUG	getInstallState changed: false, state: {"app-profile":{"fxdriver@googlecode.com":{"d":"/var/folders/zz/zyxvpxvq6csfxvn_n00000s4000069/T/anonymous1029955920239933705webdriver-profile/extensions/fxdriver@googlecode.com","e":true,"v":"2.44.0","st":1439421456000,"mt":1439421456000}},"app-global":{"{972ce4c6-7e08-4474-a285-3208198ce6fd}":{"d":"/Applications/Firefox.app/Contents/Resources/browser/extensions/{972ce4c6-7e08-4474-a285-3208198ce6fd}","e":true,"v":"40.0","st":1438968590000,"mt":1438966083000}}}
1439421457222	addons.xpi	DEBUG	No changes found
1439421457225	addons.manager	DEBUG	Registering shutdown blocker for XPIProvider
1439421457226	addons.manager	DEBUG	Provider finished startup: XPIProvider
1439421457226	addons.manager	DEBUG	Starting provider: LightweightThemeManager
1439421457226	addons.manager	DEBUG	Registering shutdown blocker for LightweightThemeManager
1439421457226	addons.manager	DEBUG	Provider finished startup: LightweightThemeManager
1439421457226	addons.manager	DEBUG	Starting provider: GMPProvider
1439421457229	addons.manager	DEBUG	Registering shutdown blocker for GMPProvider
1439421457229	addons.manager	DEBUG	Provider finished startup: GMPProvider
1439421457230	addons.manager	DEBUG	Starting provider: PluginProvider
1439421457230	addons.manager	DEBUG	Registering shutdown blocker for PluginProvider
1439421457230	addons.manager	DEBUG	Provider finished startup: PluginProvider
1439421457230	addons.manager	DEBUG	Completed startup sequence
1439421457250	addons.xpi-utils	DEBUG	Starting async load of XPI database /var/folders/zz/zyxvpxvq6csfxvn_n00000s4000069/T/anonymous1029955920239933705webdriver-profile/extensions.json
*** Blocklist::_loadBlocklistFromFile: blocklist is disabled
1439421457348	addons.manager	DEBUG	Starting provider: <unnamed-provider>
1439421457348	addons.manager	DEBUG	Registering shutdown blocker for <unnamed-provider>
1439421457348	addons.manager	DEBUG	Provider finished startup: <unnamed-provider>
1439421457428	addons.xpi-utils	DEBUG	Async JSON file read took 0 MS
1439421457428	addons.xpi-utils	DEBUG	Finished async read of XPI database, parsing...
1439421457429	addons.xpi-utils	DEBUG	Successfully read XPI database
1439421457494	addons.manager	DEBUG	Starting provider: PreviousExperimentProvider
1439421457494	addons.manager	DEBUG	Registering shutdown blocker for PreviousExperimentProvider
1439421457495	addons.manager	DEBUG	Provider finished startup: PreviousExperimentProvider
JavaScript error: file:///var/folders/zz/zyxvpxvq6csfxvn_n00000s4000069/T/anonymous1029955920239933705webdriver-profile/extensions/fxdriver@googlecode.com/components/driver-component.js, line 11487: TypeError: this.server_ is undefined
JavaScript error: chrome://fxdriver/content/server.js, line 38: NS_ERROR_XPC_CI_RETURNED_FAILURE: Component returned failure code: 0x80570015 (NS_ERROR_XPC_CI_RETURNED_FAILURE) [nsIJSCID.createInstance]

	at org.openqa.selenium.firefox.internal.NewProfileExtensionConnection.start(NewProfileExtensionConnection.java:118)
	at org.openqa.selenium.firefox.FirefoxDriver.startClient(FirefoxDriver.java:246)
	at org.openqa.selenium.remote.RemoteWebDriver.<init>(RemoteWebDriver.java:114)
	at org.openqa.selenium.firefox.FirefoxDriver.<init>(FirefoxDriver.java:191)
	at org.openqa.selenium.firefox.FirefoxDriver.<init>(FirefoxDriver.java:186)
	at org.openqa.selenium.firefox.FirefoxDriver.<init>(FirefoxDriver.java:182)
	at org.openqa.selenium.firefox.FirefoxDriver.<init>(FirefoxDriver.java:95)
	at org.fluentlenium.adapter.FluentTest.getDefaultDriver(FluentTest.java:137)
	at org.fluentlenium.adapter.FluentTest.initFluentFromDefaultDriver(FluentTest.java:123)
	at org.fluentlenium.adapter.FluentTest.access$100(FluentTest.java:35)
	at org.fluentlenium.adapter.FluentTest$1.starting(FluentTest.java:74)
	at org.junit.rules.TestWatcher.startingQuietly(TestWatcher.java:108)
	at org.junit.rules.TestWatcher.access$000(TestWatcher.java:46)
	at org.junit.rules.TestWatcher$1.evaluate(TestWatcher.java:53)
	at org.junit.rules.RunRules.evaluate(RunRules.java:20)
	at org.junit.runners.ParentRunner.runLeaf(ParentRunner.java:325)
	at org.junit.runners.BlockJUnit4ClassRunner.runChild(BlockJUnit4ClassRunner.java:78)
	at org.junit.runners.BlockJUnit4ClassRunner.runChild(BlockJUnit4ClassRunner.java:57)
	at org.junit.runners.ParentRunner$3.run(ParentRunner.java:290)
	at org.junit.runners.ParentRunner$1.schedule(ParentRunner.java:71)
	at org.junit.runners.ParentRunner.runChildren(ParentRunner.java:288)
	at org.junit.runners.ParentRunner.access$000(ParentRunner.java:58)
	at org.junit.runners.ParentRunner$2.evaluate(ParentRunner.java:268)
	at org.junit.internal.runners.statements.RunAfters.evaluate(RunAfters.java:27)
	at org.junit.rules.ExternalResource$1.evaluate(ExternalResource.java:48)
	at org.junit.rules.RunRules.evaluate(RunRules.java:20)
	at org.junit.runners.ParentRunner.run(ParentRunner.java:363)
	at org.gradle.api.internal.tasks.testing.junit.JUnitTestClassExecuter.runTestClass(JUnitTestClassExecuter.java:86)
	at org.gradle.api.internal.tasks.testing.junit.JUnitTestClassExecuter.execute(JUnitTestClassExecuter.java:49)
	at org.gradle.api.internal.tasks.testing.junit.JUnitTestClassProcessor.processTestClass(JUnitTestClassProcessor.java:64)
	at org.gradle.api.internal.tasks.testing.SuiteTestClassProcessor.processTestClass(SuiteTestClassProcessor.java:50)
	at sun.reflect.NativeMethodAccessorImpl.invoke0(Native Method)
	at sun.reflect.NativeMethodAccessorImpl.invoke(NativeMethodAccessorImpl.java:62)
	at sun.reflect.DelegatingMethodAccessorImpl.invoke(DelegatingMethodAccessorImpl.java:43)
	at java.lang.reflect.Method.invoke(Method.java:497)
	at org.gradle.messaging.dispatch.ReflectionDispatch.dispatch(ReflectionDispatch.java:35)
	at org.gradle.messaging.dispatch.ReflectionDispatch.dispatch(ReflectionDispatch.java:24)
	at org.gradle.messaging.dispatch.ContextClassLoaderDispatch.dispatch(ContextClassLoaderDispatch.java:32)
	at org.gradle.messaging.dispatch.ProxyDispatchAdapter$DispatchingInvocationHandler.invoke(ProxyDispatchAdapter.java:93)
	at com.sun.proxy.$Proxy2.processTestClass(Unknown Source)
	at org.gradle.api.internal.tasks.testing.worker.TestWorker.processTestClass(TestWorker.java:106)
	at sun.reflect.NativeMethodAccessorImpl.invoke0(Native Method)
	at sun.reflect.NativeMethodAccessorImpl.invoke(NativeMethodAccessorImpl.java:62)
	at sun.reflect.DelegatingMethodAccessorImpl.invoke(DelegatingMethodAccessorImpl.java:43)
	at java.lang.reflect.Method.invoke(Method.java:497)
	at org.gradle.messaging.dispatch.ReflectionDispatch.dispatch(ReflectionDispatch.java:35)
	at org.gradle.messaging.dispatch.ReflectionDispatch.dispatch(ReflectionDispatch.java:24)
	at org.gradle.messaging.remote.internal.hub.MessageHub$Handler.run(MessageHub.java:360)
	at org.gradle.internal.concurrent.ExecutorPolicy$CatchAndRecordFailures.onExecute(ExecutorPolicy.java:54)
	at org.gradle.internal.concurrent.StoppableExecutorImpl$1.run(StoppableExecutorImpl.java:40)
	at java.util.concurrent.ThreadPoolExecutor.runWorker(ThreadPoolExecutor.java:1142)
	at java.util.concurrent.ThreadPoolExecutor$Worker.run(ThreadPoolExecutor.java:617)
	at java.lang.Thread.run(Thread.java:745)
[Test worker] INFO spark.webserver.SparkServer - >>> Spark shutting down ...
[Test worker] INFO org.eclipse.jetty.server.Server - Graceful shutdown org.eclipse.jetty.server.Server@3d6c42fb by 
[Test worker] INFO org.eclipse.jetty.server.ServerConnector - Stopped ServerConnector@4fdbd73{HTTP/1.1}{0.0.0.0:4567}
[Test worker] INFO spark.webserver.SparkServer - done
]]></system-err>
</testsuite>
